<?xml version="1.0" encoding="UTF-8"?>
<!-- Generated by org.testng.reporters.JUnitReportReporter -->
<testsuite name="testclasses.GmailTest3" tests="1" time="76.066" ignored="0" failures="0" timestamp="26 Dec 2019 06:26:20 GMT" skipped="0" hostname="admin-PC" errors="0">
  <testcase name="testscript" time="76.066" classname="testclasses.GmailTest3"/>
</testsuite> <!-- testclasses.GmailTest3 -->
