<?xml version="1.0" encoding="UTF-8"?>
<!-- Generated by org.testng.reporters.JUnitReportReporter -->
<testsuite name="testclasses.GmailTest2" tests="1" time="127.690" ignored="0" failures="0" timestamp="26 Dec 2019 06:26:20 GMT" skipped="0" hostname="admin-PC" errors="0">
  <testcase name="testscript" time="127.690" classname="testclasses.GmailTest2"/>
</testsuite> <!-- testclasses.GmailTest2 -->
